<?xml version="1.0" encoding="UTF-8"?>
<!-- Generated by org.testng.reporters.JUnitXMLReporter -->
<testsuite ignored="0" hostname="selvapathy-PC" failures="1" tests="1" name="Default test" time="3.181" errors="0" timestamp="2021-11-03T17:24:00 IST">
  <testcase classname="io.cucumber.testng.AbstractTestNGCucumberTests" name="runScenario" time="2.69">
    <failure type="org.openqa.selenium.SessionNotCreatedException" message="session not created: This version of ChromeDriver only supports Chrome version 91
Current browser version is 95.0.4638.69 with binary path C:\Program Files (x86)\Google\Chrome\Application\chrome.exe
Build info: version: &amp;apos;3.141.59&amp;apos;, revision: &amp;apos;e82be7d358&amp;apos;, time: &amp;apos;2018-11-14T08:17:03&amp;apos;
System info: host: &amp;apos;SELVAPATHY-PC&amp;apos;, ip: &amp;apos;192.168.225.20&amp;apos;, os.name: &amp;apos;Windows 7&amp;apos;, os.arch: &amp;apos;amd64&amp;apos;, os.version: &amp;apos;6.1&amp;apos;, java.version: &amp;apos;16&amp;apos;
Driver info: driver.version: ChromeDriver
remote stacktrace: Backtrace:
	Ordinal0 [0x00D62DB3+2502067]
	Ordinal0 [0x00CFC5B1+2082225]
	Ordinal0 [0x00C02498+1057944]
	Ordinal0 [0x00C205DA+1181146]
	Ordinal0 [0x00C1C43C+1164348]
	Ordinal0 [0x00C19C73+1154163]
	Ordinal0 [0x00C49A22+1350178]
	Ordinal0 [0x00C4967A+1349242]
	Ordinal0 [0x00C45BEB+1334251]
	Ordinal0 [0x00C22174+1188212]
	Ordinal0 [0x00C23009+1191945]
	GetHandleVerifier [0x00EDEC5C+1511084]
	GetHandleVerifier [0x00F88522+2205554]
	GetHandleVerifier [0x00DE3393+480739]
	GetHandleVerifier [0x00DE2579+477129]
	Ordinal0 [0x00D01E5D+2104925]
	Ordinal0 [0x00D063F8+2122744]
	Ordinal0 [0x00D06537+2123063]
	Ordinal0 [0x00D0EE53+2158163]
	BaseThreadInitThunk [0x75E2338A+18]
	RtlInitializeExceptionChain [0x77899902+99]
	RtlInitializeExceptionChain [0x778998D5+54]
">
      <![CDATA[org.openqa.selenium.SessionNotCreatedException: session not created: This version of ChromeDriver only supports Chrome version 91
Current browser version is 95.0.4638.69 with binary path C:\Program Files (x86)\Google\Chrome\Application\chrome.exe
Build info: version: '3.141.59', revision: 'e82be7d358', time: '2018-11-14T08:17:03'
System info: host: 'SELVAPATHY-PC', ip: '192.168.225.20', os.name: 'Windows 7', os.arch: 'amd64', os.version: '6.1', java.version: '16'
Driver info: driver.version: ChromeDriver
remote stacktrace: Backtrace:
Ordinal0 [0x00D62DB3+2502067]
Ordinal0 [0x00CFC5B1+2082225]
Ordinal0 [0x00C02498+1057944]
Ordinal0 [0x00C205DA+1181146]
Ordinal0 [0x00C1C43C+1164348]
Ordinal0 [0x00C19C73+1154163]
Ordinal0 [0x00C49A22+1350178]
Ordinal0 [0x00C4967A+1349242]
Ordinal0 [0x00C45BEB+1334251]
Ordinal0 [0x00C22174+1188212]
Ordinal0 [0x00C23009+1191945]
GetHandleVerifier [0x00EDEC5C+1511084]
GetHandleVerifier [0x00F88522+2205554]
GetHandleVerifier [0x00DE3393+480739]
GetHandleVerifier [0x00DE2579+477129]
Ordinal0 [0x00D01E5D+2104925]
Ordinal0 [0x00D063F8+2122744]
Ordinal0 [0x00D06537+2123063]
Ordinal0 [0x00D0EE53+2158163]
BaseThreadInitThunk [0x75E2338A+18]
RtlInitializeExceptionChain [0x77899902+99]
RtlInitializeExceptionChain [0x778998D5+54]

at java.base/jdk.internal.reflect.NativeConstructorAccessorImpl.newInstance0(Native Method)
at java.base/jdk.internal.reflect.NativeConstructorAccessorImpl.newInstance(NativeConstructorAccessorImpl.java:78)
at java.base/jdk.internal.reflect.DelegatingConstructorAccessorImpl.newInstance(DelegatingConstructorAccessorImpl.java:45)
at java.base/java.lang.reflect.Constructor.newInstanceWithCaller(Constructor.java:499)
at java.base/java.lang.reflect.Constructor.newInstance(Constructor.java:480)
at org.openqa.selenium.remote.W3CHandshakeResponse.lambda$errorHandler$0(W3CHandshakeResponse.java:62)
at org.openqa.selenium.remote.HandshakeResponse.lambda$getResponseFunction$0(HandshakeResponse.java:30)
at org.openqa.selenium.remote.ProtocolHandshake.lambda$createSession$0(ProtocolHandshake.java:126)
at java.base/java.util.stream.ReferencePipeline$3$1.accept(ReferencePipeline.java:197)
at java.base/java.util.Spliterators$ArraySpliterator.tryAdvance(Spliterators.java:958)
at java.base/java.util.stream.ReferencePipeline.forEachWithCancel(ReferencePipeline.java:129)
at java.base/java.util.stream.AbstractPipeline.copyIntoWithCancel(AbstractPipeline.java:502)
at java.base/java.util.stream.AbstractPipeline.copyInto(AbstractPipeline.java:488)
at java.base/java.util.stream.AbstractPipeline.wrapAndCopyInto(AbstractPipeline.java:474)
at java.base/java.util.stream.FindOps$FindOp.evaluateSequential(FindOps.java:150)
at java.base/java.util.stream.AbstractPipeline.evaluate(AbstractPipeline.java:234)
at java.base/java.util.stream.ReferencePipeline.findFirst(ReferencePipeline.java:647)
at org.openqa.selenium.remote.ProtocolHandshake.createSession(ProtocolHandshake.java:128)
at org.openqa.selenium.remote.ProtocolHandshake.createSession(ProtocolHandshake.java:74)
at org.openqa.selenium.remote.HttpCommandExecutor.execute(HttpCommandExecutor.java:136)
at org.openqa.selenium.remote.service.DriverCommandExecutor.execute(DriverCommandExecutor.java:83)
at org.openqa.selenium.remote.RemoteWebDriver.execute(RemoteWebDriver.java:552)
at org.openqa.selenium.remote.RemoteWebDriver.startSession(RemoteWebDriver.java:213)
at org.openqa.selenium.remote.RemoteWebDriver.<init>(RemoteWebDriver.java:131)
at org.openqa.selenium.chrome.ChromeDriver.<init>(ChromeDriver.java:181)
at org.openqa.selenium.chrome.ChromeDriver.<init>(ChromeDriver.java:168)
at org.openqa.selenium.chrome.ChromeDriver.<init>(ChromeDriver.java:123)
at com.stepDef.example.Login.user_is_on_home_page(Login.java:53)
at âœ½.User is on Home Page(file:///C:/Users/selvapathy/Desktop/javaclass/exampleCucumber/./Features/Login.feature:6)
]]>
    </failure>
  </testcase> <!-- runScenario -->
</testsuite> <!-- Default test -->
